Determining if the pthread_create exist failed with the following output:
Change Dir: /home/scar1et/catkin_ws/build/CMakeFiles/CMakeTmp

Run Build Command:"/usr/bin/make" "cmTC_aec29/fast"
/usr/bin/make -f CMakeFiles/cmTC_aec29.dir/build.make CMakeFiles/cmTC_aec29.dir/build
make[1]: 进入目录“/home/scar1et/catkin_ws/build/CMakeFiles/CMakeTmp”
Building C object CMakeFiles/cmTC_aec29.dir/CheckSymbolExists.c.o
/usr/bin/cc    -o CMakeFiles/cmTC_aec29.dir/CheckSymbolExists.c.o   -c /home/scar1et/catkin_ws/build/CMakeFiles/CMakeTmp/CheckSymbolExists.c
Linking C executable cmTC_aec29
/usr/local/bin/cmake -E cmake_link_script CMakeFiles/cmTC_aec29.dir/link.txt --verbose=1
/usr/bin/cc      -rdynamic CMakeFiles/cmTC_aec29.dir/CheckSymbolExists.c.o  -o cmTC_aec29 
CMakeFiles/cmTC_aec29.dir/CheckSymbolExists.c.o：在函数‘main’中：
CheckSymbolExists.c:(.text+0x1b)：对‘pthread_create’未定义的引用
collect2: error: ld returned 1 exit status
CMakeFiles/cmTC_aec29.dir/build.make:86: recipe for target 'cmTC_aec29' failed
make[1]: *** [cmTC_aec29] Error 1
make[1]: 离开目录“/home/scar1et/catkin_ws/build/CMakeFiles/CMakeTmp”
Makefile:121: recipe for target 'cmTC_aec29/fast' failed
make: *** [cmTC_aec29/fast] Error 2

File /home/scar1et/catkin_ws/build/CMakeFiles/CMakeTmp/CheckSymbolExists.c:
/* */
#include <pthread.h>

int main(int argc, char** argv)
{
  (void)argv;
#ifndef pthread_create
  return ((int*)(&pthread_create))[argc];
#else
  (void)argc;
  return 0;
#endif
}

Determining if the function pthread_create exists in the pthreads failed with the following output:
Change Dir: /home/scar1et/catkin_ws/build/CMakeFiles/CMakeTmp

Run Build Command:"/usr/bin/make" "cmTC_db5b1/fast"
/usr/bin/make -f CMakeFiles/cmTC_db5b1.dir/build.make CMakeFiles/cmTC_db5b1.dir/build
make[1]: 进入目录“/home/scar1et/catkin_ws/build/CMakeFiles/CMakeTmp”
Building C object CMakeFiles/cmTC_db5b1.dir/CheckFunctionExists.c.o
/usr/bin/cc   -DCHECK_FUNCTION_EXISTS=pthread_create   -o CMakeFiles/cmTC_db5b1.dir/CheckFunctionExists.c.o   -c /usr/local/share/cmake-3.13/Modules/CheckFunctionExists.c
Linking C executable cmTC_db5b1
/usr/local/bin/cmake -E cmake_link_script CMakeFiles/cmTC_db5b1.dir/link.txt --verbose=1
/usr/bin/cc  -DCHECK_FUNCTION_EXISTS=pthread_create    -rdynamic CMakeFiles/cmTC_db5b1.dir/CheckFunctionExists.c.o  -o cmTC_db5b1 -lpthreads 
/usr/bin/ld: 找不到 -lpthreads
collect2: error: ld returned 1 exit status
CMakeFiles/cmTC_db5b1.dir/build.make:86: recipe for target 'cmTC_db5b1' failed
make[1]: *** [cmTC_db5b1] Error 1
make[1]: 离开目录“/home/scar1et/catkin_ws/build/CMakeFiles/CMakeTmp”
Makefile:121: recipe for target 'cmTC_db5b1/fast' failed
make: *** [cmTC_db5b1/fast] Error 2


